0 info it worked if it ends with ok
1 verbose cli [ '/Users/Gott/.nvm/versions/node/v6.3.0/bin/node',
1 verbose cli   '/Users/Gott/.nvm/versions/node/v6.3.0/bin/npm',
1 verbose cli   'run',
1 verbose cli   'test' ]
2 info using npm@3.10.3
3 info using node@v6.3.0
4 verbose run-script [ 'pretest', 'test', 'posttest' ]
5 info lifecycle json-library@0.0.13~pretest: json-library@0.0.13
6 silly lifecycle json-library@0.0.13~pretest: no script for pretest, continuing
7 info lifecycle json-library@0.0.13~test: json-library@0.0.13
8 verbose lifecycle json-library@0.0.13~test: unsafe-perm in lifecycle true
9 verbose lifecycle json-library@0.0.13~test: PATH: /Users/Gott/.nvm/versions/node/v6.3.0/lib/node_modules/npm/bin/node-gyp-bin:/Users/Gott/Apache/projekte/json-library/node_modules/.bin:/Users/Gott/.nvm/versions/node/v6.3.0/bin:/Users/Gott/.nvm/versions/node/v6.3.0/bin:/Users/Gott/.cabal/bin:/Applications/ghc-7.8.3.app/Contents/bin:~/Applications/sonar-runner/bin:~/Applications/sonarqube/bin/macosx-universal-64:~/Applications/play:/usr/local/heroku/bin:~/Apache/_/chromeremote:~/.bin/:/usr/local/bin:/usr/bin:/bin:/usr/sbin:/sbin:/usr/local/git/bin
10 verbose lifecycle json-library@0.0.13~test: CWD: /Users/Gott/Apache/projekte/json-library
11 silly lifecycle json-library@0.0.13~test: Args: [ '-c', 'grunt test' ]
12 silly lifecycle json-library@0.0.13~test: Returned: code: 3  signal: null
13 info lifecycle json-library@0.0.13~test: Failed to exec test script
14 verbose stack Error: json-library@0.0.13 test: `grunt test`
14 verbose stack Exit status 3
14 verbose stack     at EventEmitter.<anonymous> (/Users/Gott/.nvm/versions/node/v6.3.0/lib/node_modules/npm/lib/utils/lifecycle.js:242:16)
14 verbose stack     at emitTwo (events.js:106:13)
14 verbose stack     at EventEmitter.emit (events.js:191:7)
14 verbose stack     at ChildProcess.<anonymous> (/Users/Gott/.nvm/versions/node/v6.3.0/lib/node_modules/npm/lib/utils/spawn.js:40:14)
14 verbose stack     at emitTwo (events.js:106:13)
14 verbose stack     at ChildProcess.emit (events.js:191:7)
14 verbose stack     at maybeClose (internal/child_process.js:852:16)
14 verbose stack     at Process.ChildProcess._handle.onexit (internal/child_process.js:215:5)
15 verbose pkgid json-library@0.0.13
16 verbose cwd /Users/Gott/Apache/projekte/json-library
17 error Darwin 15.6.0
18 error argv "/Users/Gott/.nvm/versions/node/v6.3.0/bin/node" "/Users/Gott/.nvm/versions/node/v6.3.0/bin/npm" "run" "test"
19 error node v6.3.0
20 error npm  v3.10.3
21 error code ELIFECYCLE
22 error json-library@0.0.13 test: `grunt test`
22 error Exit status 3
23 error Failed at the json-library@0.0.13 test script 'grunt test'.
23 error Make sure you have the latest version of node.js and npm installed.
23 error If you do, this is most likely a problem with the json-library package,
23 error not with npm itself.
23 error Tell the author that this fails on your system:
23 error     grunt test
23 error You can get information on how to open an issue for this project with:
23 error     npm bugs json-library
23 error Or if that isn't available, you can get their info via:
23 error     npm owner ls json-library
23 error There is likely additional logging output above.
24 verbose exit [ 1, true ]
